# JRE version: OpenJDK Runtime Environment (21.0.5) (build 21.0.5+-12932927-b750.29)
# Java VM: OpenJDK 64-Bit Server VM (21.0.5+-12932927-b750.29, mixed mode, tiered, compressed oops, compressed class ptrs, g1 gc, windows-amd64)
GC Precious Log:
 CardTable entry size: 512
 Card Set container configuration: InlinePtr #cards 5 size 8 Array Of Cards #cards 12 size 40 Howl #buckets 4 coarsen threshold 1843 Howl Bitmap #cards 512 size 80 coarsen threshold 460 Card regions per heap region 1 cards per card region 2048
 CPUs: 8 total, 8 available
 Memory: 16342M
 Large Page Support: Disabled
 NUMA Support: Disabled
 Compressed Oops: Enabled (32-bit)
 Heap Region Size: 1M
 Heap Min Capacity: 8M
 Heap Initial Capacity: 256M
 Heap Max Capacity: 2G
 Pre-touch: Disabled
 Parallel Workers: 8
 Concurrent Workers: 2
 Concurrent Refinement Workers: 8
 Periodic GC: Disabled
Heap:
 garbage-first heap   total 434176K, used 170877K [0x0000000080000000, 0x0000000100000000)
  region size 1024K, 44 young (45056K), 19 survivors (19456K)
 Metaspace       used 279665K, committed 281472K, reserved 1310720K
  class space    used 37460K, committed 38336K, reserved 1048576K
GC Heap History (20 events):
Event: 13088.026 GC heap before
{Heap before GC invocations=105 (full 1):
 garbage-first heap   total 386048K, used 380147K [0x0000000080000000, 0x0000000100000000)
  region size 1024K, 195 young (199680K), 3 survivors (3072K)
 Metaspace       used 215592K, committed 217408K, reserved 1245184K
  class space    used 28665K, committed 29568K, reserved 1048576K
}
Event: 13088.034 GC heap after
{Heap after GC invocations=106 (full 1):
 garbage-first heap   total 394240K, used 150114K [0x0000000080000000, 0x0000000100000000)
  region size 1024K, 5 young (5120K), 5 survivors (5120K)
 Metaspace       used 215592K, committed 217408K, reserved 1245184K
  class space    used 28665K, committed 29568K, reserved 1048576K
}
Event: 13089.950 GC heap before
{Heap before GC invocations=106 (full 1):
 garbage-first heap   total 394240K, used 233058K [0x0000000080000000, 0x0000000100000000)
  region size 1024K, 88 young (90112K), 5 survivors (5120K)
 Metaspace       used 215756K, committed 217536K, reserved 1245184K
  class space    used 28665K, committed 29568K, reserved 1048576K
}
Event: 13089.958 GC heap after
{Heap after GC invocations=107 (full 1):
 garbage-first heap   total 394240K, used 156652K [0x0000000080000000, 0x0000000100000000)
  region size 1024K, 12 young (12288K), 12 survivors (12288K)
 Metaspace       used 215756K, committed 217536K, reserved 1245184K
  class space    used 28665K, committed 29568K, reserved 1048576K
}
Event: 13148.497 GC heap before
{Heap before GC invocations=108 (full 1):
 garbage-first heap   total 394240K, used 389100K [0x0000000080000000, 0x0000000100000000)
  region size 1024K, 209 young (214016K), 12 survivors (12288K)
 Metaspace       used 226442K, committed 227968K, reserved 1310720K
  class space    used 29979K, committed 30720K, reserved 1048576K
}
Event: 13148.505 GC heap after
{Heap after GC invocations=109 (full 1):
 garbage-first heap   total 406528K, used 157567K [0x0000000080000000, 0x0000000100000000)
  region size 1024K, 13 young (13312K), 13 survivors (13312K)
 Metaspace       used 226442K, committed 227968K, reserved 1310720K
  class space    used 29979K, committed 30720K, reserved 1048576K
}
Event: 13150.108 GC heap before
{Heap before GC invocations=109 (full 1):
 garbage-first heap   total 406528K, used 369535K [0x0000000080000000, 0x0000000100000000)
  region size 1024K, 220 young (225280K), 13 survivors (13312K)
 Metaspace       used 242889K, committed 244608K, reserved 1310720K
  class space    used 32437K, committed 33280K, reserved 1048576K
}
Event: 13150.121 GC heap after
{Heap after GC invocations=110 (full 1):
 garbage-first heap   total 406528K, used 163233K [0x0000000080000000, 0x0000000100000000)
  region size 1024K, 24 young (24576K), 24 survivors (24576K)
 Metaspace       used 242889K, committed 244608K, reserved 1310720K
  class space    used 32437K, committed 33280K, reserved 1048576K
}
Event: 16690.162 GC heap before
{Heap before GC invocations=110 (full 1):
 garbage-first heap   total 406528K, used 292257K [0x0000000080000000, 0x0000000100000000)
  region size 1024K, 152 young (155648K), 24 survivors (24576K)
 Metaspace       used 244289K, committed 246016K, reserved 1310720K
  class space    used 32618K, committed 33472K, reserved 1048576K
}
Event: 16690.460 GC heap after
{Heap after GC invocations=111 (full 2):
 garbage-first heap   total 406528K, used 126231K [0x0000000080000000, 0x0000000100000000)
  region size 1024K, 0 young (0K), 0 survivors (0K)
 Metaspace       used 244289K, committed 246016K, reserved 1310720K
  class space    used 32618K, committed 33472K, reserved 1048576K
}
Event: 17724.552 GC heap before
{Heap before GC invocations=111 (full 2):
 garbage-first heap   total 406528K, used 272663K [0x0000000080000000, 0x0000000100000000)
  region size 1024K, 144 young (147456K), 0 survivors (0K)
 Metaspace       used 245415K, committed 247168K, reserved 1310720K
  class space    used 32799K, committed 33664K, reserved 1048576K
}
Event: 17724.565 GC heap after
{Heap after GC invocations=112 (full 2):
 garbage-first heap   total 406528K, used 140497K [0x0000000080000000, 0x0000000100000000)
  region size 1024K, 14 young (14336K), 14 survivors (14336K)
 Metaspace       used 245415K, committed 247168K, reserved 1310720K
  class space    used 32799K, committed 33664K, reserved 1048576K
}
Event: 18163.008 GC heap before
{Heap before GC invocations=113 (full 2):
 garbage-first heap   total 406528K, used 395473K [0x0000000080000000, 0x0000000100000000)
  region size 1024K, 233 young (238592K), 14 survivors (14336K)
 Metaspace       used 265578K, committed 267200K, reserved 1310720K
  class space    used 35760K, committed 36544K, reserved 1048576K
}
Event: 18163.018 GC heap after
{Heap after GC invocations=114 (full 2):
 garbage-first heap   total 410624K, used 136146K [0x0000000080000000, 0x0000000100000000)
  region size 1024K, 10 young (10240K), 10 survivors (10240K)
 Metaspace       used 265578K, committed 267200K, reserved 1310720K
  class space    used 35760K, committed 36544K, reserved 1048576K
}
Event: 18819.834 GC heap before
{Heap before GC invocations=114 (full 2):
 garbage-first heap   total 410624K, used 397266K [0x0000000080000000, 0x0000000100000000)
  region size 1024K, 240 young (245760K), 10 survivors (10240K)
 Metaspace       used 266300K, committed 267904K, reserved 1310720K
  class space    used 35764K, committed 36544K, reserved 1048576K
}
Event: 18819.849 GC heap after
{Heap after GC invocations=115 (full 2):
 garbage-first heap   total 423936K, used 143836K [0x0000000080000000, 0x0000000100000000)
  region size 1024K, 19 young (19456K), 19 survivors (19456K)
 Metaspace       used 266300K, committed 267904K, reserved 1310720K
  class space    used 35764K, committed 36544K, reserved 1048576K
}
Event: 18819.916 GC heap before
{Heap before GC invocations=115 (full 2):
 garbage-first heap   total 423936K, used 151004K [0x0000000080000000, 0x0000000100000000)
  region size 1024K, 28 young (28672K), 19 survivors (19456K)
 Metaspace       used 266369K, committed 267968K, reserved 1310720K
  class space    used 35764K, committed 36544K, reserved 1048576K
}
Event: 18819.925 GC heap after
{Heap after GC invocations=116 (full 2):
 garbage-first heap   total 423936K, used 143869K [0x0000000080000000, 0x0000000100000000)
  region size 1024K, 16 young (16384K), 16 survivors (16384K)
 Metaspace       used 266369K, committed 267968K, reserved 1310720K
  class space    used 35764K, committed 36544K, reserved 1048576K
}
Event: 20346.253 GC heap before
{Heap before GC invocations=117 (full 2):
 garbage-first heap   total 423936K, used 412157K [0x0000000080000000, 0x0000000100000000)
  region size 1024K, 248 young (253952K), 16 survivors (16384K)
 Metaspace       used 278221K, committed 279936K, reserved 1310720K
  class space    used 37262K, committed 38080K, reserved 1048576K
}
Event: 20346.264 GC heap after
{Heap after GC invocations=118 (full 2):
 garbage-first heap   total 434176K, used 146301K [0x0000000080000000, 0x0000000100000000)
  region size 1024K, 19 young (19456K), 19 survivors (19456K)
 Metaspace       used 278221K, committed 279936K, reserved 1310720K
  class space    used 37262K, committed 38080K, reserved 1048576K
}

